#-----------------------------------------------------------
# Vivado v2018.2 (64-bit)
# SW Build 2258646 on Thu Jun 14 20:03:12 MDT 2018
# IP Build 2256618 on Thu Jun 14 22:10:49 MDT 2018
# Start of session at: Wed Dec 22 22:34:39 2021
# Process ID: 14624
# Current directory: C:/Users/sq19469/workspace_vivado/umuroglu_zedboard/build_project/src/hdl/AXIInputRegisters_1.0/AXIInputRegisters_v1_0_project
# Command line: vivado.exe -gui_launcher_event rodinguilauncherevent12748 C:\Users\sq19469\workspace_vivado\umuroglu_zedboard\build_project\src\hdl\AXIInputRegisters_1.0\AXIInputRegisters_v1_0_project\AXIInputRegisters_v1_0_project.xpr
# Log file: C:/Users/sq19469/workspace_vivado/umuroglu_zedboard/build_project/src/hdl/AXIInputRegisters_1.0/AXIInputRegisters_v1_0_project/vivado.log
# Journal file: C:/Users/sq19469/workspace_vivado/umuroglu_zedboard/build_project/src/hdl/AXIInputRegisters_1.0/AXIInputRegisters_v1_0_project\vivado.jou
#-----------------------------------------------------------
start_gui
open_project C:/Users/sq19469/workspace_vivado/umuroglu_zedboard/build_project/src/hdl/AXIInputRegisters_1.0/AXIInputRegisters_v1_0_project/AXIInputRegisters_v1_0_project.xpr
INFO: [ProjectBase 1-489] The host OS only allows 260 characters in a normal path. The project is stored in a path with more than 80 characters. If you experience issues with IP, Block Designs, or files not being found, please consider moving the project to a location with a shorter path. Alternately consider using the OS subst command to map part of the path to a drive letter.
Current project path is 'C:/Users/sq19469/workspace_vivado/umuroglu_zedboard/build_project/src/hdl/AXIInputRegisters_1.0/AXIInputRegisters_v1_0_project'
INFO: [Project 1-313] Project file moved from '/home/maltanar/Dropbox/PhD/ip-repo/AXIInputRegisters_1.0/AXIInputRegisters_v1_0_project' since last save.
Scanning sources...
Finished scanning sources
WARNING: [filemgmt 56-2] IP Repository Path: Could not find the directory 'C:/Users/sq19469/workspace_vivado/umuroglu_zedboard/build_project/src/ip-repo', nor could it be found using path 'C:/home/maltanar/Dropbox/PhD/ip-repo'.
WARNING: [filemgmt 56-2] IP Repository Path: Could not find the directory 'C:/Users/sq19469/ssd/fpga-sandbox/DecoupledTester', nor could it be found using path 'C:/ssd/fpga-sandbox/DecoupledTester'.
INFO: [Project 1-230] Project 'AXIInputRegisters_v1_0_project.xpr' upgraded for this version of Vivado.
INFO: [IP_Flow 19-234] Refreshing IP repositories
WARNING: [IP_Flow 19-2248] Failed to load user IP repository 'c:/Users/sq19469/workspace_vivado/umuroglu_zedboard/build_project/src/ip-repo'; Can't find the specified path.
If this directory should no longer be in your list of user repositories, go to the IP Settings dialog and remove it.
WARNING: [IP_Flow 19-2248] Failed to load user IP repository 'c:/Users/sq19469/ssd/fpga-sandbox/DecoupledTester'; Can't find the specified path.
If this directory should no longer be in your list of user repositories, go to the IP Settings dialog and remove it.
INFO: [IP_Flow 19-2313] Loaded Vivado IP repository 'C:/Xilinx/Vivado/2018.2/data/ip'.
update_compile_order -fileset sources_1
exit
INFO: [Common 17-206] Exiting Vivado at Wed Dec 22 22:35:25 2021...
